{"numFailedTestSuites":0,"numFailedTests":0,"numPassedTestSuites":2,"numPassedTests":21,"numPendingTestSuites":0,"numPendingTests":0,"numRuntimeErrorTestSuites":0,"numTodoTests":0,"numTotalTestSuites":2,"numTotalTests":21,"openHandles":[],"snapshot":{"added":0,"didUpdate":false,"failure":false,"filesAdded":0,"filesRemoved":0,"filesRemovedList":[],"filesUnmatched":0,"filesUpdated":0,"matched":0,"total":0,"unchecked":0,"uncheckedKeysByFile":[],"unmatched":0,"updated":0},"startTime":1788690697540,"success":true,"testResults":[{"assertionResults":[{"ancestorTitles":["Packaged workspace in the normal POS server"],"duration":639,"failing":false,"failureDetails":[],"failureMessages":[],"fullName":"Packaged workspace in the normal POS server returns AI evidence and records a revision-checked human review without losing its source","invocations":1,"location":null,"numPassingAsserts":11,"retryReasons":[],"startAt":1788690698506,"status":"passed","title":"returns AI evidence and records a revision-checked human review without losing its source"},{"ancestorTitles":["Packaged workspace in the normal POS server"],"duration":499,"failing":false,"failureDetails":[],"failureMessages":[],"fullName":"Packaged workspace in the normal POS server combines exact category and brand filters with size-scoped stock","invocations":1,"location":null,"numPassingAsserts":7,"retryReasons":[],"startAt":1788690699146,"status":"passed","title":"combines exact category and brand filters with size-scoped stock"},{"ancestorTitles":["Packaged workspace in the normal POS server"],"duration":521,"failing":false,"failureDetails":[],"failureMessages":[],"fullName":"Packaged workspace in the normal POS server finds the scanned variant barcode and keeps filter choices on empty results","invocations":1,"location":null,"numPassingAsserts":9,"retryReasons":[],"startAt":1788690699645,"status":"passed","title":"finds the scanned variant barcode and keeps filter choices on empty results"},{"ancestorTitles":["Packaged workspace in the normal POS server"],"duration":428,"failing":false,"failureDetails":[],"failureMessages":[],"fullName":"Packaged workspace in the normal POS server tracks migration 106 and enforces delivery references in PostgreSQL","invocations":1,"location":null,"numPassingAsserts":2,"retryReasons":[],"startAt":1788690700166,"status":"passed","title":"tracks migration 106 and enforces delivery references in PostgreSQL"},{"ancestorTitles":["Packaged workspace in the normal POS server"],"duration":475,"failing":false,"failureDetails":[],"failureMessages":[],"fullName":"Packaged workspace in the normal POS server uses the normal POS CORS allowlist and security headers","invocations":1,"location":null,"numPassingAsserts":6,"retryReasons":[],"startAt":1788690700595,"status":"passed","title":"uses the normal POS CORS allowlist and security headers"},{"ancestorTitles":["Packaged workspace in the normal POS server"],"duration":469,"failing":false,"failureDetails":[],"failureMessages":[],"fullName":"Packaged workspace in the normal POS server requires authentication and branch access before reading delivery data","invocations":1,"location":null,"numPassingAsserts":5,"retryReasons":[],"startAt":1788690701070,"status":"passed","title":"requires authentication and branch access before reading delivery data"},{"ancestorTitles":["Packaged workspace in the normal POS server"],"duration":475,"failing":false,"failureDetails":[],"failureMessages":[],"fullName":"Packaged workspace in the normal POS server keeps read permission separate from delivery creation and receiving","invocations":1,"location":null,"numPassingAsserts":3,"retryReasons":[],"startAt":1788690701540,"status":"passed","title":"keeps read permission separate from delivery creation and receiving"},{"ancestorTitles":["Packaged workspace in the normal POS server"],"duration":454,"failing":false,"failureDetails":[],"failureMessages":[],"fullName":"Packaged workspace in the normal POS server sanitizes and saves delivery names once through the normal middleware","invocations":1,"location":null,"numPassingAsserts":5,"retryReasons":[],"startAt":1788690702015,"status":"passed","title":"sanitizes and saves delivery names once through the normal middleware"},{"ancestorTitles":["Packaged workspace in the normal POS server"],"duration":443,"failing":false,"failureDetails":[],"failureMessages":[],"fullName":"Packaged workspace in the normal POS server ships runtime modules without test hosts, fixtures or migrations","invocations":1,"location":null,"numPassingAsserts":1,"retryReasons":[],"startAt":1788690702470,"status":"passed","title":"ships runtime modules without test hosts, fixtures or migrations"},{"ancestorTitles":["Packaged workspace in the normal POS server"],"duration":1159,"failing":false,"failureDetails":[],"failureMessages":[],"fullName":"Packaged workspace in the normal POS server keeps the mount disabled by default and rejects invalid enable flags","invocations":1,"location":null,"numPassingAsserts":2,"retryReasons":[],"startAt":1788690702913,"status":"passed","title":"keeps the mount disabled by default and rejects invalid enable flags"}],"endTime":1788690704074,"message":"","name":"C:\\Projects\\inventory-pos-system\\backend\\tests\\integration\\catalog-workspace.test.js","startTime":1788690697572,"status":"passed","summary":""},{"assertionResults":[{"ancestorTitles":["Railway catalog AI extraction"],"duration":508,"failing":false,"failureDetails":[],"failureMessages":[],"fullName":"Railway catalog AI extraction advertises the narrow AI capability when the feature and edit permission are enabled","invocations":1,"location":null,"numPassingAsserts":2,"retryReasons":[],"startAt":1788690704324,"status":"passed","title":"advertises the narrow AI capability when the feature and edit permission are enabled"},{"ancestorTitles":["Railway catalog AI extraction"],"duration":516,"failing":false,"failureDetails":[],"failureMessages":[],"fullName":"Railway catalog AI extraction derives the schema server-side, fills only blank fields, and records the run","invocations":1,"location":null,"numPassingAsserts":19,"retryReasons":[],"startAt":1788690704832,"status":"passed","title":"derives the schema server-side, fills only blank fields, and records the run"},{"ancestorTitles":["Railway catalog AI extraction"],"duration":489,"failing":false,"failureDetails":[],"failureMessages":[],"fullName":"Railway catalog AI extraction stores one material category while confidence and evidence carry uncertainty","invocations":1,"location":null,"numPassingAsserts":9,"retryReasons":[],"startAt":1788690705348,"status":"passed","title":"stores one material category while confidence and evidence carry uncertainty"},{"ancestorTitles":["Railway catalog AI extraction"],"duration":593,"failing":false,"failureDetails":[],"failureMessages":[],"fullName":"Railway catalog AI extraction expands an explicit size range, then protects a human-confirmed quantity","invocations":1,"location":null,"numPassingAsserts":9,"retryReasons":[],"startAt":1788690705837,"status":"passed","title":"expands an explicit size range, then protects a human-confirmed quantity"},{"ancestorTitles":["Railway catalog AI extraction"],"duration":495,"failing":false,"failureDetails":[],"failureMessages":[],"fullName":"Railway catalog AI extraction replaces only an untouched migrated one-unit placeholder with explicit AI stock","invocations":1,"location":null,"numPassingAsserts":4,"retryReasons":[],"startAt":1788690706430,"status":"passed","title":"replaces only an untouched migrated one-unit placeholder with explicit AI stock"},{"ancestorTitles":["Railway catalog AI extraction"],"duration":483,"failing":false,"failureDetails":[],"failureMessages":[],"fullName":"Railway catalog AI extraction retries once when required color and explicit stock evidence are unstructured","invocations":1,"location":null,"numPassingAsserts":7,"retryReasons":[],"startAt":1788690706925,"status":"passed","title":"retries once when required color and explicit stock evidence are unstructured"},{"ancestorTitles":["Railway catalog AI extraction"],"duration":536,"failing":false,"failureDetails":[],"failureMessages":[],"fullName":"Railway catalog AI extraction permission-gates stock distribution confirmation separately from viewing","invocations":1,"location":null,"numPassingAsserts":1,"retryReasons":[],"startAt":1788690707408,"status":"passed","title":"permission-gates stock distribution confirmation separately from viewing"},{"ancestorTitles":["Railway catalog AI extraction"],"duration":478,"failing":false,"failureDetails":[],"failureMessages":[],"fullName":"Railway catalog AI extraction enforces catalog.edit separately from catalog.view","invocations":1,"location":null,"numPassingAsserts":2,"retryReasons":[],"startAt":1788690707944,"status":"passed","title":"enforces catalog.edit separately from catalog.view"},{"ancestorTitles":["Railway catalog AI extraction"],"duration":572,"failing":false,"failureDetails":[],"failureMessages":[],"fullName":"Railway catalog AI extraction does not expose or analyze an item outside the validated branch","invocations":1,"location":null,"numPassingAsserts":3,"retryReasons":[],"startAt":1788690708422,"status":"passed","title":"does not expose or analyze an item outside the validated branch"},{"ancestorTitles":["Railway catalog AI extraction"],"duration":751,"failing":false,"failureDetails":[],"failureMessages":[],"fullName":"Railway catalog AI extraction returns a stable provider error and leaves durable failed usage and job rows","invocations":1,"location":null,"numPassingAsserts":5,"retryReasons":[],"startAt":1788690708994,"status":"passed","title":"returns a stable provider error and leaves durable failed usage and job rows"},{"ancestorTitles":["Railway catalog AI extraction"],"duration":655,"failing":false,"failureDetails":[],"failureMessages":[],"fullName":"Railway catalog AI extraction enforces the PostgreSQL-backed hourly cap across requests","invocations":1,"location":null,"numPassingAsserts":3,"retryReasons":[],"startAt":1788690709745,"status":"passed","title":"enforces the PostgreSQL-backed hourly cap across requests"}],"endTime":1788690710401,"message":"","name":"C:\\Projects\\inventory-pos-system\\backend\\tests\\integration\\catalog-ai.test.js","startTime":1788690704082,"status":"passed","summary":""}],"wasInterrupted":false}
