{"numFailedTestSuites":0,"numFailedTests":0,"numPassedTestSuites":1,"numPassedTests":11,"numPendingTestSuites":0,"numPendingTests":0,"numRuntimeErrorTestSuites":0,"numTodoTests":0,"numTotalTestSuites":1,"numTotalTests":11,"openHandles":[],"snapshot":{"added":0,"didUpdate":false,"failure":false,"filesAdded":0,"filesRemoved":0,"filesRemovedList":[],"filesUnmatched":0,"filesUpdated":0,"matched":0,"total":0,"unchecked":0,"uncheckedKeysByFile":[],"unmatched":0,"updated":0},"startTime":1788691914833,"success":true,"testResults":[{"assertionResults":[{"ancestorTitles":["Packaged workspace in the normal POS server"],"duration":664,"failing":false,"failureDetails":[],"failureMessages":[],"fullName":"Packaged workspace in the normal POS server searches and pages the complete receipt and delivery history beyond 200 entries","invocations":1,"location":null,"numPassingAsserts":33,"retryReasons":[],"startAt":1788691915848,"status":"passed","title":"searches and pages the complete receipt and delivery history beyond 200 entries"},{"ancestorTitles":["Packaged workspace in the normal POS server"],"duration":594,"failing":false,"failureDetails":[],"failureMessages":[],"fullName":"Packaged workspace in the normal POS server returns AI evidence and records a revision-checked human review without losing its source","invocations":1,"location":null,"numPassingAsserts":11,"retryReasons":[],"startAt":1788691916513,"status":"passed","title":"returns AI evidence and records a revision-checked human review without losing its source"},{"ancestorTitles":["Packaged workspace in the normal POS server"],"duration":503,"failing":false,"failureDetails":[],"failureMessages":[],"fullName":"Packaged workspace in the normal POS server combines exact category and brand filters with size-scoped stock","invocations":1,"location":null,"numPassingAsserts":7,"retryReasons":[],"startAt":1788691917107,"status":"passed","title":"combines exact category and brand filters with size-scoped stock"},{"ancestorTitles":["Packaged workspace in the normal POS server"],"duration":503,"failing":false,"failureDetails":[],"failureMessages":[],"fullName":"Packaged workspace in the normal POS server finds the scanned variant barcode and keeps filter choices on empty results","invocations":1,"location":null,"numPassingAsserts":9,"retryReasons":[],"startAt":1788691917610,"status":"passed","title":"finds the scanned variant barcode and keeps filter choices on empty results"},{"ancestorTitles":["Packaged workspace in the normal POS server"],"duration":457,"failing":false,"failureDetails":[],"failureMessages":[],"fullName":"Packaged workspace in the normal POS server tracks migration 106 and enforces delivery references in PostgreSQL","invocations":1,"location":null,"numPassingAsserts":2,"retryReasons":[],"startAt":1788691918113,"status":"passed","title":"tracks migration 106 and enforces delivery references in PostgreSQL"},{"ancestorTitles":["Packaged workspace in the normal POS server"],"duration":514,"failing":false,"failureDetails":[],"failureMessages":[],"fullName":"Packaged workspace in the normal POS server uses the normal POS CORS allowlist and security headers","invocations":1,"location":null,"numPassingAsserts":6,"retryReasons":[],"startAt":1788691918570,"status":"passed","title":"uses the normal POS CORS allowlist and security headers"},{"ancestorTitles":["Packaged workspace in the normal POS server"],"duration":1203,"failing":false,"failureDetails":[],"failureMessages":[],"fullName":"Packaged workspace in the normal POS server requires authentication and branch access before reading delivery data","invocations":1,"location":null,"numPassingAsserts":5,"retryReasons":[],"startAt":1788691919084,"status":"passed","title":"requires authentication and branch access before reading delivery data"},{"ancestorTitles":["Packaged workspace in the normal POS server"],"duration":598,"failing":false,"failureDetails":[],"failureMessages":[],"fullName":"Packaged workspace in the normal POS server keeps read permission separate from delivery creation and receiving","invocations":1,"location":null,"numPassingAsserts":3,"retryReasons":[],"startAt":1788691920287,"status":"passed","title":"keeps read permission separate from delivery creation and receiving"},{"ancestorTitles":["Packaged workspace in the normal POS server"],"duration":475,"failing":false,"failureDetails":[],"failureMessages":[],"fullName":"Packaged workspace in the normal POS server sanitizes and saves delivery names once through the normal middleware","invocations":1,"location":null,"numPassingAsserts":5,"retryReasons":[],"startAt":1788691920886,"status":"passed","title":"sanitizes and saves delivery names once through the normal middleware"},{"ancestorTitles":["Packaged workspace in the normal POS server"],"duration":450,"failing":false,"failureDetails":[],"failureMessages":[],"fullName":"Packaged workspace in the normal POS server ships runtime modules without test hosts, fixtures or migrations","invocations":1,"location":null,"numPassingAsserts":1,"retryReasons":[],"startAt":1788691921362,"status":"passed","title":"ships runtime modules without test hosts, fixtures or migrations"},{"ancestorTitles":["Packaged workspace in the normal POS server"],"duration":1089,"failing":false,"failureDetails":[],"failureMessages":[],"fullName":"Packaged workspace in the normal POS server keeps the mount disabled by default and rejects invalid enable flags","invocations":1,"location":null,"numPassingAsserts":2,"retryReasons":[],"startAt":1788691921812,"status":"passed","title":"keeps the mount disabled by default and rejects invalid enable flags"}],"endTime":1788691922903,"message":"","name":"C:\\Projects\\inventory-pos-system\\backend\\tests\\integration\\catalog-workspace.test.js","startTime":1788691914865,"status":"passed","summary":""}],"wasInterrupted":false}
