{"numFailedTestSuites":0,"numFailedTests":0,"numPassedTestSuites":2,"numPassedTests":28,"numPendingTestSuites":0,"numPendingTests":0,"numRuntimeErrorTestSuites":0,"numTodoTests":0,"numTotalTestSuites":2,"numTotalTests":28,"openHandles":[],"snapshot":{"added":0,"didUpdate":false,"failure":false,"filesAdded":0,"filesRemoved":0,"filesRemovedList":[],"filesUnmatched":0,"filesUpdated":0,"matched":0,"total":0,"unchecked":0,"uncheckedKeysByFile":[],"unmatched":0,"updated":0},"startTime":1788695095036,"success":true,"testResults":[{"assertionResults":[{"ancestorTitles":["Reviewed catalog pricing plans"],"duration":997,"failing":false,"failureDetails":[],"failureMessages":[],"fullName":"Reviewed catalog pricing plans applies heterogeneous defaults atomically, protects inherited/individual prices, and undoes once","invocations":1,"location":null,"numPassingAsserts":13,"retryReasons":[],"startAt":1788695095948,"status":"passed","title":"applies heterogeneous defaults atomically, protects inherited/individual prices, and undoes once"},{"ancestorTitles":["Reviewed catalog pricing plans"],"duration":516,"failing":false,"failureDetails":[],"failureMessages":[],"fullName":"Reviewed catalog pricing plans revises different group defaults while keeping individual size prices","invocations":1,"location":null,"numPassingAsserts":7,"retryReasons":[],"startAt":1788695096946,"status":"passed","title":"revises different group defaults while keeping individual size prices"},{"ancestorTitles":["Reviewed catalog pricing plans"],"duration":477,"failing":false,"failureDetails":[],"failureMessages":[],"fullName":"Reviewed catalog pricing plans changes XL only and rejects defaults that could change nonmatching siblings","invocations":1,"location":null,"numPassingAsserts":6,"retryReasons":[],"startAt":1788695097462,"status":"passed","title":"changes XL only and rejects defaults that could change nonmatching siblings"},{"ancestorTitles":["Reviewed catalog pricing plans"],"duration":523,"failing":false,"failureDetails":[],"failureMessages":[],"fullName":"Reviewed catalog pricing plans clears a size override explicitly and restores it on Undo","invocations":1,"location":null,"numPassingAsserts":6,"retryReasons":[],"startAt":1788695097939,"status":"passed","title":"clears a size override explicitly and restores it on Undo"},{"ancestorTitles":["Reviewed catalog pricing plans"],"duration":496,"failing":false,"failureDetails":[],"failureMessages":[],"fullName":"Reviewed catalog pricing plans supports cost-only saves and restores prior cost values without changing retail","invocations":1,"location":null,"numPassingAsserts":9,"retryReasons":[],"startAt":1788695098462,"status":"passed","title":"supports cost-only saves and restores prior cost values without changing retail"},{"ancestorTitles":["Reviewed catalog pricing plans"],"duration":488,"failing":false,"failureDetails":[],"failureMessages":[],"fullName":"Reviewed catalog pricing plans keeps retail and cost override replacement independent","invocations":1,"location":null,"numPassingAsserts":6,"retryReasons":[],"startAt":1788695098958,"status":"passed","title":"keeps retail and cost override replacement independent"},{"ancestorTitles":["Reviewed catalog pricing plans"],"duration":517,"failing":false,"failureDetails":[],"failureMessages":[],"fullName":"Reviewed catalog pricing plans expires unapplied previews and isolates receipts by branch","invocations":1,"location":null,"numPassingAsserts":5,"retryReasons":[],"startAt":1788695099446,"status":"passed","title":"expires unapplied previews and isolates receipts by branch"},{"ancestorTitles":["Reviewed catalog pricing plans"],"duration":536,"failing":false,"failureDetails":[],"failureMessages":[],"fullName":"Reviewed catalog pricing plans rejects stale attributes and rolls back the whole plan","invocations":1,"location":null,"numPassingAsserts":5,"retryReasons":[],"startAt":1788695099963,"status":"passed","title":"rejects stale attributes and rolls back the whole plan"},{"ancestorTitles":["Reviewed catalog pricing plans"],"duration":487,"failing":false,"failureDetails":[],"failureMessages":[],"fullName":"Reviewed catalog pricing plans rejects stale price and rolls back the whole plan","invocations":1,"location":null,"numPassingAsserts":5,"retryReasons":[],"startAt":1788695100499,"status":"passed","title":"rejects stale price and rolls back the whole plan"},{"ancestorTitles":["Reviewed catalog pricing plans"],"duration":497,"failing":false,"failureDetails":[],"failureMessages":[],"fullName":"Reviewed catalog pricing plans rejects stale stock and rolls back the whole plan","invocations":1,"location":null,"numPassingAsserts":5,"retryReasons":[],"startAt":1788695100987,"status":"passed","title":"rejects stale stock and rolls back the whole plan"},{"ancestorTitles":["Reviewed catalog pricing plans"],"duration":706,"failing":false,"failureDetails":[],"failureMessages":[],"fullName":"Reviewed catalog pricing plans rejects stale published and rolls back the whole plan","invocations":1,"location":null,"numPassingAsserts":5,"retryReasons":[],"startAt":1788695101484,"status":"passed","title":"rejects stale published and rolls back the whole plan"},{"ancestorTitles":["Reviewed catalog pricing plans"],"duration":1019,"failing":false,"failureDetails":[],"failureMessages":[],"fullName":"Reviewed catalog pricing plans rejects stale scope at preview and refuses Undo over later edits even if prices return to the old value","invocations":1,"location":null,"numPassingAsserts":4,"retryReasons":[],"startAt":1788695102190,"status":"passed","title":"rejects stale scope at preview and refuses Undo over later edits even if prices return to the old value"},{"ancestorTitles":["Reviewed catalog pricing plans"],"duration":730,"failing":false,"failureDetails":[],"failureMessages":[],"fullName":"Reviewed catalog pricing plans fails closed for missing selections, duplicate lines, foreign lines, published items, and invalid money","invocations":1,"location":null,"numPassingAsserts":9,"retryReasons":[],"startAt":1788695103209,"status":"passed","title":"fails closed for missing selections, duplicate lines, foreign lines, published items, and invalid money"},{"ancestorTitles":["Reviewed catalog pricing plans"],"duration":500,"failing":false,"failureDetails":[],"failureMessages":[],"fullName":"Reviewed catalog pricing plans keeps workspace/review costs absent without permission and denies cost edits and other actors receipts","invocations":1,"location":null,"numPassingAsserts":9,"retryReasons":[],"startAt":1788695103939,"status":"passed","title":"keeps workspace/review costs absent without permission and denies cost edits and other actors receipts"}],"endTime":1788695104441,"message":"","name":"C:\\Projects\\inventory-pos-system\\backend\\tests\\integration\\catalog-pricing-plans.test.js","startTime":1788695095067,"status":"passed","summary":""},{"assertionResults":[{"ancestorTitles":["Packaged workspace in the normal POS server"],"duration":510,"failing":false,"failureDetails":[],"failureMessages":[],"fullName":"Packaged workspace in the normal POS server accepts bounded large pricing previews only after authentication and keeps other body limits","invocations":1,"location":null,"numPassingAsserts":4,"retryReasons":[],"startAt":1788695104660,"status":"passed","title":"accepts bounded large pricing previews only after authentication and keeps other body limits"},{"ancestorTitles":["Packaged workspace in the normal POS server"],"duration":446,"failing":false,"failureDetails":[],"failureMessages":[],"fullName":"Packaged workspace in the normal POS server lists only saved pricing owned by the account without exposing private snapshots or costs","invocations":1,"location":null,"numPassingAsserts":8,"retryReasons":[],"startAt":1788695105170,"status":"passed","title":"lists only saved pricing owned by the account without exposing private snapshots or costs"},{"ancestorTitles":["Packaged workspace in the normal POS server"],"duration":601,"failing":false,"failureDetails":[],"failureMessages":[],"fullName":"Packaged workspace in the normal POS server holds unreadable photos with an audited flag and requires explicit resolution","invocations":1,"location":null,"numPassingAsserts":7,"retryReasons":[],"startAt":1788695105616,"status":"passed","title":"holds unreadable photos with an audited flag and requires explicit resolution"},{"ancestorTitles":["Packaged workspace in the normal POS server"],"duration":524,"failing":false,"failureDetails":[],"failureMessages":[],"fullName":"Packaged workspace in the normal POS server searches and pages the complete receipt and delivery history beyond 200 entries","invocations":1,"location":null,"numPassingAsserts":33,"retryReasons":[],"startAt":1788695106217,"status":"passed","title":"searches and pages the complete receipt and delivery history beyond 200 entries"},{"ancestorTitles":["Packaged workspace in the normal POS server"],"duration":491,"failing":false,"failureDetails":[],"failureMessages":[],"fullName":"Packaged workspace in the normal POS server returns AI evidence and records a revision-checked human review without losing its source","invocations":1,"location":null,"numPassingAsserts":11,"retryReasons":[],"startAt":1788695106741,"status":"passed","title":"returns AI evidence and records a revision-checked human review without losing its source"},{"ancestorTitles":["Packaged workspace in the normal POS server"],"duration":514,"failing":false,"failureDetails":[],"failureMessages":[],"fullName":"Packaged workspace in the normal POS server combines exact category and brand filters with size-scoped stock","invocations":1,"location":null,"numPassingAsserts":7,"retryReasons":[],"startAt":1788695107232,"status":"passed","title":"combines exact category and brand filters with size-scoped stock"},{"ancestorTitles":["Packaged workspace in the normal POS server"],"duration":591,"failing":false,"failureDetails":[],"failureMessages":[],"fullName":"Packaged workspace in the normal POS server finds the scanned variant barcode and keeps filter choices on empty results","invocations":1,"location":null,"numPassingAsserts":9,"retryReasons":[],"startAt":1788695107746,"status":"passed","title":"finds the scanned variant barcode and keeps filter choices on empty results"},{"ancestorTitles":["Packaged workspace in the normal POS server"],"duration":425,"failing":false,"failureDetails":[],"failureMessages":[],"fullName":"Packaged workspace in the normal POS server tracks migration 106 and enforces delivery references in PostgreSQL","invocations":1,"location":null,"numPassingAsserts":2,"retryReasons":[],"startAt":1788695108337,"status":"passed","title":"tracks migration 106 and enforces delivery references in PostgreSQL"},{"ancestorTitles":["Packaged workspace in the normal POS server"],"duration":460,"failing":false,"failureDetails":[],"failureMessages":[],"fullName":"Packaged workspace in the normal POS server uses the normal POS CORS allowlist and security headers","invocations":1,"location":null,"numPassingAsserts":6,"retryReasons":[],"startAt":1788695108762,"status":"passed","title":"uses the normal POS CORS allowlist and security headers"},{"ancestorTitles":["Packaged workspace in the normal POS server"],"duration":431,"failing":false,"failureDetails":[],"failureMessages":[],"fullName":"Packaged workspace in the normal POS server requires authentication and branch access before reading delivery data","invocations":1,"location":null,"numPassingAsserts":5,"retryReasons":[],"startAt":1788695109222,"status":"passed","title":"requires authentication and branch access before reading delivery data"},{"ancestorTitles":["Packaged workspace in the normal POS server"],"duration":437,"failing":false,"failureDetails":[],"failureMessages":[],"fullName":"Packaged workspace in the normal POS server keeps read permission separate from delivery creation and receiving","invocations":1,"location":null,"numPassingAsserts":3,"retryReasons":[],"startAt":1788695109653,"status":"passed","title":"keeps read permission separate from delivery creation and receiving"},{"ancestorTitles":["Packaged workspace in the normal POS server"],"duration":455,"failing":false,"failureDetails":[],"failureMessages":[],"fullName":"Packaged workspace in the normal POS server sanitizes and saves delivery names once through the normal middleware","invocations":1,"location":null,"numPassingAsserts":5,"retryReasons":[],"startAt":1788695110090,"status":"passed","title":"sanitizes and saves delivery names once through the normal middleware"},{"ancestorTitles":["Packaged workspace in the normal POS server"],"duration":423,"failing":false,"failureDetails":[],"failureMessages":[],"fullName":"Packaged workspace in the normal POS server ships runtime modules without test hosts, fixtures or migrations","invocations":1,"location":null,"numPassingAsserts":1,"retryReasons":[],"startAt":1788695110545,"status":"passed","title":"ships runtime modules without test hosts, fixtures or migrations"},{"ancestorTitles":["Packaged workspace in the normal POS server"],"duration":902,"failing":false,"failureDetails":[],"failureMessages":[],"fullName":"Packaged workspace in the normal POS server keeps the mount disabled by default and rejects invalid enable flags","invocations":1,"location":null,"numPassingAsserts":2,"retryReasons":[],"startAt":1788695110968,"status":"passed","title":"keeps the mount disabled by default and rejects invalid enable flags"}],"endTime":1788695111871,"message":"","name":"C:\\Projects\\inventory-pos-system\\backend\\tests\\integration\\catalog-workspace.test.js","startTime":1788695104446,"status":"passed","summary":""}],"wasInterrupted":false}
