{"numFailedTestSuites":0,"numFailedTests":0,"numPassedTestSuites":3,"numPassedTests":29,"numPendingTestSuites":0,"numPendingTests":0,"numRuntimeErrorTestSuites":0,"numTodoTests":0,"numTotalTestSuites":3,"numTotalTests":29,"openHandles":[],"snapshot":{"added":0,"didUpdate":false,"failure":false,"filesAdded":0,"filesRemoved":0,"filesRemovedList":[],"filesUnmatched":0,"filesUpdated":0,"matched":0,"total":0,"unchecked":0,"uncheckedKeysByFile":[],"unmatched":0,"updated":0},"startTime":1788691653054,"success":true,"testResults":[{"assertionResults":[{"ancestorTitles":[],"duration":662,"failing":false,"failureDetails":[],"failureMessages":[],"fullName":"copies once across concurrent retries, keeps the original and never changes stock","invocations":1,"location":null,"numPassingAsserts":11,"retryReasons":[],"startAt":1788691653999,"status":"passed","title":"copies once across concurrent retries, keeps the original and never changes stock"},{"ancestorTitles":[],"duration":447,"failing":false,"failureDetails":[],"failureMessages":[],"fullName":"records failure and retries independently after the object becomes available","invocations":1,"location":null,"numPassingAsserts":2,"retryReasons":[],"startAt":1788691654662,"status":"passed","title":"records failure and retries independently after the object becomes available"},{"ancestorTitles":[],"duration":460,"failing":false,"failureDetails":[],"failureMessages":[],"fullName":"preserves manual POS imagery","invocations":1,"location":null,"numPassingAsserts":2,"retryReasons":[],"startAt":1788691655109,"status":"passed","title":"preserves manual POS imagery"},{"ancestorTitles":[],"duration":477,"failing":false,"failureDetails":[],"failureMessages":[],"fullName":"enforces branch isolation and publication permission","invocations":1,"location":null,"numPassingAsserts":2,"retryReasons":[],"startAt":1788691655569,"status":"passed","title":"enforces branch isolation and publication permission"}],"endTime":1788691656047,"message":"","name":"C:\\Projects\\inventory-pos-system\\backend\\tests\\integration\\catalog-photo-handoff.test.js","startTime":1788691653086,"status":"passed","summary":""},{"assertionResults":[{"ancestorTitles":["Railway catalog variant pricing and POS publication"],"duration":534,"failing":false,"failureDetails":[],"failureMessages":[],"fullName":"Railway catalog variant pricing and POS publication rejects a reviewed receipt after a identity change without POS writes","invocations":1,"location":null,"numPassingAsserts":4,"retryReasons":[],"startAt":1788691656230,"status":"passed","title":"rejects a reviewed receipt after a identity change without POS writes"},{"ancestorTitles":["Railway catalog variant pricing and POS publication"],"duration":465,"failing":false,"failureDetails":[],"failureMessages":[],"fullName":"Railway catalog variant pricing and POS publication rejects a reviewed receipt after a retail change without POS writes","invocations":1,"location":null,"numPassingAsserts":4,"retryReasons":[],"startAt":1788691656764,"status":"passed","title":"rejects a reviewed receipt after a retail change without POS writes"},{"ancestorTitles":["Railway catalog variant pricing and POS publication"],"duration":504,"failing":false,"failureDetails":[],"failureMessages":[],"fullName":"Railway catalog variant pricing and POS publication rejects a reviewed receipt after a protected cost change without POS writes","invocations":1,"location":null,"numPassingAsserts":4,"retryReasons":[],"startAt":1788691657229,"status":"passed","title":"rejects a reviewed receipt after a protected cost change without POS writes"},{"ancestorTitles":["Railway catalog variant pricing and POS publication"],"duration":475,"failing":false,"failureDetails":[],"failureMessages":[],"fullName":"Railway catalog variant pricing and POS publication rejects a reviewed receipt after a quantity change without POS writes","invocations":1,"location":null,"numPassingAsserts":4,"retryReasons":[],"startAt":1788691657733,"status":"passed","title":"rejects a reviewed receipt after a quantity change without POS writes"},{"ancestorTitles":["Railway catalog variant pricing and POS publication"],"duration":461,"failing":false,"failureDetails":[],"failureMessages":[],"fullName":"Railway catalog variant pricing and POS publication rejects a reviewed receipt after a size price change without POS writes","invocations":1,"location":null,"numPassingAsserts":4,"retryReasons":[],"startAt":1788691658208,"status":"passed","title":"rejects a reviewed receipt after a size price change without POS writes"},{"ancestorTitles":["Railway catalog variant pricing and POS publication"],"duration":697,"failing":false,"failureDetails":[],"failureMessages":[],"fullName":"Railway catalog variant pricing and POS publication rejects malformed, tampered, cross-actor and cross-branch receiving revisions","invocations":1,"location":null,"numPassingAsserts":5,"retryReasons":[],"startAt":1788691658669,"status":"passed","title":"rejects malformed, tampered, cross-actor and cross-branch receiving revisions"},{"ancestorTitles":["Railway catalog variant pricing and POS publication"],"duration":1026,"failing":false,"failureDetails":[],"failureMessages":[],"fullName":"Railway catalog variant pricing and POS publication rereads protected costs after waiting for a preceding writer's item lock","invocations":1,"location":null,"numPassingAsserts":3,"retryReasons":[],"startAt":1788691659366,"status":"passed","title":"rereads protected costs after waiting for a preceding writer's item lock"},{"ancestorTitles":["Railway catalog variant pricing and POS publication"],"duration":722,"failing":false,"failureDetails":[],"failureMessages":[],"fullName":"Railway catalog variant pricing and POS publication receives a pinned review once and reconciles concurrent retries with the same token","invocations":1,"location":null,"numPassingAsserts":5,"retryReasons":[],"startAt":1788691660392,"status":"passed","title":"receives a pinned review once and reconciles concurrent retries with the same token"},{"ancestorTitles":["Railway catalog variant pricing and POS publication"],"duration":715,"failing":false,"failureDetails":[],"failureMessages":[],"fullName":"Railway catalog variant pricing and POS publication keeps catalog costs absent for editors without cost permission","invocations":1,"location":null,"numPassingAsserts":6,"retryReasons":[],"startAt":1788691661114,"status":"passed","title":"keeps catalog costs absent for editors without cost permission"},{"ancestorTitles":["Railway catalog variant pricing and POS publication"],"duration":647,"failing":false,"failureDetails":[],"failureMessages":[],"fullName":"Railway catalog variant pricing and POS publication saves inherited and per-size prices without exposing a second stock model","invocations":1,"location":null,"numPassingAsserts":3,"retryReasons":[],"startAt":1788691661829,"status":"passed","title":"saves inherited and per-size prices without exposing a second stock model"},{"ancestorTitles":["Railway catalog variant pricing and POS publication"],"duration":579,"failing":false,"failureDetails":[],"failureMessages":[],"fullName":"Railway catalog variant pricing and POS publication applies one bulk price and size exception atomically across catalog items","invocations":1,"location":null,"numPassingAsserts":4,"retryReasons":[],"startAt":1788691662476,"status":"passed","title":"applies one bulk price and size exception atomically across catalog items"},{"ancestorTitles":["Railway catalog variant pricing and POS publication"],"duration":644,"failing":false,"failureDetails":[],"failureMessages":[],"fullName":"Railway catalog variant pricing and POS publication rolls back the full bulk price plan when its branch scope is stale","invocations":1,"location":null,"numPassingAsserts":2,"retryReasons":[],"startAt":1788691663055,"status":"passed","title":"rolls back the full bulk price plan when its branch scope is stale"},{"ancestorTitles":["Railway catalog variant pricing and POS publication"],"duration":700,"failing":false,"failureDetails":[],"failureMessages":[],"fullName":"Railway catalog variant pricing and POS publication fills pricing gaps without replacing existing defaults or size overrides","invocations":1,"location":null,"numPassingAsserts":4,"retryReasons":[],"startAt":1788691663699,"status":"passed","title":"fills pricing gaps without replacing existing defaults or size overrides"},{"ancestorTitles":["Railway catalog variant pricing and POS publication"],"duration":801,"failing":false,"failureDetails":[],"failureMessages":[],"fullName":"Railway catalog variant pricing and POS publication publishes exact variants, prices, stock, and movements once","invocations":1,"location":null,"numPassingAsserts":11,"retryReasons":[],"startAt":1788691664399,"status":"passed","title":"publishes exact variants, prices, stock, and movements once"},{"ancestorTitles":["Railway catalog variant pricing and POS publication"],"duration":935,"failing":false,"failureDetails":[],"failureMessages":[],"fullName":"Railway catalog variant pricing and POS publication rolls back before creating POS records when readiness is incomplete","invocations":1,"location":null,"numPassingAsserts":3,"retryReasons":[],"startAt":1788691665201,"status":"passed","title":"rolls back before creating POS records when readiness is incomplete"}],"endTime":1788691666137,"message":"","name":"C:\\Projects\\inventory-pos-system\\backend\\tests\\integration\\catalog-publication.test.js","startTime":1788691656053,"status":"passed","summary":""},{"assertionResults":[{"ancestorTitles":["Packaged workspace in the normal POS server"],"duration":774,"failing":false,"failureDetails":[],"failureMessages":[],"fullName":"Packaged workspace in the normal POS server returns AI evidence and records a revision-checked human review without losing its source","invocations":1,"location":null,"numPassingAsserts":11,"retryReasons":[],"startAt":1788691666457,"status":"passed","title":"returns AI evidence and records a revision-checked human review without losing its source"},{"ancestorTitles":["Packaged workspace in the normal POS server"],"duration":518,"failing":false,"failureDetails":[],"failureMessages":[],"fullName":"Packaged workspace in the normal POS server combines exact category and brand filters with size-scoped stock","invocations":1,"location":null,"numPassingAsserts":7,"retryReasons":[],"startAt":1788691667231,"status":"passed","title":"combines exact category and brand filters with size-scoped stock"},{"ancestorTitles":["Packaged workspace in the normal POS server"],"duration":595,"failing":false,"failureDetails":[],"failureMessages":[],"fullName":"Packaged workspace in the normal POS server finds the scanned variant barcode and keeps filter choices on empty results","invocations":1,"location":null,"numPassingAsserts":9,"retryReasons":[],"startAt":1788691667749,"status":"passed","title":"finds the scanned variant barcode and keeps filter choices on empty results"},{"ancestorTitles":["Packaged workspace in the normal POS server"],"duration":492,"failing":false,"failureDetails":[],"failureMessages":[],"fullName":"Packaged workspace in the normal POS server tracks migration 106 and enforces delivery references in PostgreSQL","invocations":1,"location":null,"numPassingAsserts":2,"retryReasons":[],"startAt":1788691668344,"status":"passed","title":"tracks migration 106 and enforces delivery references in PostgreSQL"},{"ancestorTitles":["Packaged workspace in the normal POS server"],"duration":509,"failing":false,"failureDetails":[],"failureMessages":[],"fullName":"Packaged workspace in the normal POS server uses the normal POS CORS allowlist and security headers","invocations":1,"location":null,"numPassingAsserts":6,"retryReasons":[],"startAt":1788691668836,"status":"passed","title":"uses the normal POS CORS allowlist and security headers"},{"ancestorTitles":["Packaged workspace in the normal POS server"],"duration":1486,"failing":false,"failureDetails":[],"failureMessages":[],"fullName":"Packaged workspace in the normal POS server requires authentication and branch access before reading delivery data","invocations":1,"location":null,"numPassingAsserts":5,"retryReasons":[],"startAt":1788691669345,"status":"passed","title":"requires authentication and branch access before reading delivery data"},{"ancestorTitles":["Packaged workspace in the normal POS server"],"duration":707,"failing":false,"failureDetails":[],"failureMessages":[],"fullName":"Packaged workspace in the normal POS server keeps read permission separate from delivery creation and receiving","invocations":1,"location":null,"numPassingAsserts":3,"retryReasons":[],"startAt":1788691670831,"status":"passed","title":"keeps read permission separate from delivery creation and receiving"},{"ancestorTitles":["Packaged workspace in the normal POS server"],"duration":459,"failing":false,"failureDetails":[],"failureMessages":[],"fullName":"Packaged workspace in the normal POS server sanitizes and saves delivery names once through the normal middleware","invocations":1,"location":null,"numPassingAsserts":5,"retryReasons":[],"startAt":1788691671538,"status":"passed","title":"sanitizes and saves delivery names once through the normal middleware"},{"ancestorTitles":["Packaged workspace in the normal POS server"],"duration":497,"failing":false,"failureDetails":[],"failureMessages":[],"fullName":"Packaged workspace in the normal POS server ships runtime modules without test hosts, fixtures or migrations","invocations":1,"location":null,"numPassingAsserts":1,"retryReasons":[],"startAt":1788691671997,"status":"passed","title":"ships runtime modules without test hosts, fixtures or migrations"},{"ancestorTitles":["Packaged workspace in the normal POS server"],"duration":959,"failing":false,"failureDetails":[],"failureMessages":[],"fullName":"Packaged workspace in the normal POS server keeps the mount disabled by default and rejects invalid enable flags","invocations":1,"location":null,"numPassingAsserts":2,"retryReasons":[],"startAt":1788691672494,"status":"passed","title":"keeps the mount disabled by default and rejects invalid enable flags"}],"endTime":1788691673454,"message":"","name":"C:\\Projects\\inventory-pos-system\\backend\\tests\\integration\\catalog-workspace.test.js","startTime":1788691666144,"status":"passed","summary":""}],"wasInterrupted":false}
