{"numFailedTestSuites":0,"numFailedTests":0,"numPassedTestSuites":2,"numPassedTests":29,"numPendingTestSuites":0,"numPendingTests":0,"numRuntimeErrorTestSuites":0,"numTodoTests":0,"numTotalTestSuites":2,"numTotalTests":29,"openHandles":[],"snapshot":{"added":0,"didUpdate":false,"failure":false,"filesAdded":0,"filesRemoved":0,"filesRemovedList":[],"filesUnmatched":0,"filesUpdated":0,"matched":0,"total":0,"unchecked":0,"uncheckedKeysByFile":[],"unmatched":0,"updated":0},"startTime":1788688676914,"success":true,"testResults":[{"assertionResults":[{"ancestorTitles":["Railway catalog variant pricing and POS publication"],"duration":681,"failing":false,"failureDetails":[],"failureMessages":[],"fullName":"Railway catalog variant pricing and POS publication rejects a reviewed receipt after a identity change without POS writes","invocations":1,"location":null,"numPassingAsserts":4,"retryReasons":[],"startAt":1788688678076,"status":"passed","title":"rejects a reviewed receipt after a identity change without POS writes"},{"ancestorTitles":["Railway catalog variant pricing and POS publication"],"duration":568,"failing":false,"failureDetails":[],"failureMessages":[],"fullName":"Railway catalog variant pricing and POS publication rejects a reviewed receipt after a retail change without POS writes","invocations":1,"location":null,"numPassingAsserts":4,"retryReasons":[],"startAt":1788688678758,"status":"passed","title":"rejects a reviewed receipt after a retail change without POS writes"},{"ancestorTitles":["Railway catalog variant pricing and POS publication"],"duration":512,"failing":false,"failureDetails":[],"failureMessages":[],"fullName":"Railway catalog variant pricing and POS publication rejects a reviewed receipt after a protected cost change without POS writes","invocations":1,"location":null,"numPassingAsserts":4,"retryReasons":[],"startAt":1788688679327,"status":"passed","title":"rejects a reviewed receipt after a protected cost change without POS writes"},{"ancestorTitles":["Railway catalog variant pricing and POS publication"],"duration":519,"failing":false,"failureDetails":[],"failureMessages":[],"fullName":"Railway catalog variant pricing and POS publication rejects a reviewed receipt after a quantity change without POS writes","invocations":1,"location":null,"numPassingAsserts":4,"retryReasons":[],"startAt":1788688679839,"status":"passed","title":"rejects a reviewed receipt after a quantity change without POS writes"},{"ancestorTitles":["Railway catalog variant pricing and POS publication"],"duration":498,"failing":false,"failureDetails":[],"failureMessages":[],"fullName":"Railway catalog variant pricing and POS publication rejects a reviewed receipt after a size price change without POS writes","invocations":1,"location":null,"numPassingAsserts":4,"retryReasons":[],"startAt":1788688680358,"status":"passed","title":"rejects a reviewed receipt after a size price change without POS writes"},{"ancestorTitles":["Railway catalog variant pricing and POS publication"],"duration":534,"failing":false,"failureDetails":[],"failureMessages":[],"fullName":"Railway catalog variant pricing and POS publication rejects malformed, tampered, cross-actor and cross-branch receiving revisions","invocations":1,"location":null,"numPassingAsserts":5,"retryReasons":[],"startAt":1788688680856,"status":"passed","title":"rejects malformed, tampered, cross-actor and cross-branch receiving revisions"},{"ancestorTitles":["Railway catalog variant pricing and POS publication"],"duration":535,"failing":false,"failureDetails":[],"failureMessages":[],"fullName":"Railway catalog variant pricing and POS publication rereads protected costs after waiting for a preceding writer's item lock","invocations":1,"location":null,"numPassingAsserts":3,"retryReasons":[],"startAt":1788688681390,"status":"passed","title":"rereads protected costs after waiting for a preceding writer's item lock"},{"ancestorTitles":["Railway catalog variant pricing and POS publication"],"duration":581,"failing":false,"failureDetails":[],"failureMessages":[],"fullName":"Railway catalog variant pricing and POS publication receives a pinned review once and reconciles concurrent retries with the same token","invocations":1,"location":null,"numPassingAsserts":5,"retryReasons":[],"startAt":1788688681925,"status":"passed","title":"receives a pinned review once and reconciles concurrent retries with the same token"},{"ancestorTitles":["Railway catalog variant pricing and POS publication"],"duration":533,"failing":false,"failureDetails":[],"failureMessages":[],"fullName":"Railway catalog variant pricing and POS publication keeps catalog costs absent for editors without cost permission","invocations":1,"location":null,"numPassingAsserts":6,"retryReasons":[],"startAt":1788688682507,"status":"passed","title":"keeps catalog costs absent for editors without cost permission"},{"ancestorTitles":["Railway catalog variant pricing and POS publication"],"duration":614,"failing":false,"failureDetails":[],"failureMessages":[],"fullName":"Railway catalog variant pricing and POS publication saves inherited and per-size prices without exposing a second stock model","invocations":1,"location":null,"numPassingAsserts":3,"retryReasons":[],"startAt":1788688683040,"status":"passed","title":"saves inherited and per-size prices without exposing a second stock model"},{"ancestorTitles":["Railway catalog variant pricing and POS publication"],"duration":911,"failing":false,"failureDetails":[],"failureMessages":[],"fullName":"Railway catalog variant pricing and POS publication applies one bulk price and size exception atomically across catalog items","invocations":1,"location":null,"numPassingAsserts":4,"retryReasons":[],"startAt":1788688683654,"status":"passed","title":"applies one bulk price and size exception atomically across catalog items"},{"ancestorTitles":["Railway catalog variant pricing and POS publication"],"duration":611,"failing":false,"failureDetails":[],"failureMessages":[],"fullName":"Railway catalog variant pricing and POS publication rolls back the full bulk price plan when its branch scope is stale","invocations":1,"location":null,"numPassingAsserts":2,"retryReasons":[],"startAt":1788688684565,"status":"passed","title":"rolls back the full bulk price plan when its branch scope is stale"},{"ancestorTitles":["Railway catalog variant pricing and POS publication"],"duration":722,"failing":false,"failureDetails":[],"failureMessages":[],"fullName":"Railway catalog variant pricing and POS publication fills pricing gaps without replacing existing defaults or size overrides","invocations":1,"location":null,"numPassingAsserts":4,"retryReasons":[],"startAt":1788688685176,"status":"passed","title":"fills pricing gaps without replacing existing defaults or size overrides"},{"ancestorTitles":["Railway catalog variant pricing and POS publication"],"duration":624,"failing":false,"failureDetails":[],"failureMessages":[],"fullName":"Railway catalog variant pricing and POS publication publishes exact variants, prices, stock, and movements once","invocations":1,"location":null,"numPassingAsserts":11,"retryReasons":[],"startAt":1788688685898,"status":"passed","title":"publishes exact variants, prices, stock, and movements once"},{"ancestorTitles":["Railway catalog variant pricing and POS publication"],"duration":523,"failing":false,"failureDetails":[],"failureMessages":[],"fullName":"Railway catalog variant pricing and POS publication rolls back before creating POS records when readiness is incomplete","invocations":1,"location":null,"numPassingAsserts":3,"retryReasons":[],"startAt":1788688686522,"status":"passed","title":"rolls back before creating POS records when readiness is incomplete"}],"endTime":1788688687047,"message":"","name":"C:\\Projects\\inventory-pos-system\\backend\\tests\\integration\\catalog-publication.test.js","startTime":1788688676965,"status":"passed","summary":""},{"assertionResults":[{"ancestorTitles":["Reviewed catalog pricing plans"],"duration":614,"failing":false,"failureDetails":[],"failureMessages":[],"fullName":"Reviewed catalog pricing plans applies heterogeneous defaults atomically, protects inherited/individual prices, and undoes once","invocations":1,"location":null,"numPassingAsserts":13,"retryReasons":[],"startAt":1788688687242,"status":"passed","title":"applies heterogeneous defaults atomically, protects inherited/individual prices, and undoes once"},{"ancestorTitles":["Reviewed catalog pricing plans"],"duration":468,"failing":false,"failureDetails":[],"failureMessages":[],"fullName":"Reviewed catalog pricing plans revises different group defaults while keeping individual size prices","invocations":1,"location":null,"numPassingAsserts":7,"retryReasons":[],"startAt":1788688687856,"status":"passed","title":"revises different group defaults while keeping individual size prices"},{"ancestorTitles":["Reviewed catalog pricing plans"],"duration":490,"failing":false,"failureDetails":[],"failureMessages":[],"fullName":"Reviewed catalog pricing plans changes XL only and rejects defaults that could change nonmatching siblings","invocations":1,"location":null,"numPassingAsserts":6,"retryReasons":[],"startAt":1788688688324,"status":"passed","title":"changes XL only and rejects defaults that could change nonmatching siblings"},{"ancestorTitles":["Reviewed catalog pricing plans"],"duration":485,"failing":false,"failureDetails":[],"failureMessages":[],"fullName":"Reviewed catalog pricing plans clears a size override explicitly and restores it on Undo","invocations":1,"location":null,"numPassingAsserts":6,"retryReasons":[],"startAt":1788688688815,"status":"passed","title":"clears a size override explicitly and restores it on Undo"},{"ancestorTitles":["Reviewed catalog pricing plans"],"duration":860,"failing":false,"failureDetails":[],"failureMessages":[],"fullName":"Reviewed catalog pricing plans supports cost-only saves and restores prior cost values without changing retail","invocations":1,"location":null,"numPassingAsserts":9,"retryReasons":[],"startAt":1788688689300,"status":"passed","title":"supports cost-only saves and restores prior cost values without changing retail"},{"ancestorTitles":["Reviewed catalog pricing plans"],"duration":1507,"failing":false,"failureDetails":[],"failureMessages":[],"fullName":"Reviewed catalog pricing plans keeps retail and cost override replacement independent","invocations":1,"location":null,"numPassingAsserts":6,"retryReasons":[],"startAt":1788688690160,"status":"passed","title":"keeps retail and cost override replacement independent"},{"ancestorTitles":["Reviewed catalog pricing plans"],"duration":576,"failing":false,"failureDetails":[],"failureMessages":[],"fullName":"Reviewed catalog pricing plans expires unapplied previews and isolates receipts by branch","invocations":1,"location":null,"numPassingAsserts":5,"retryReasons":[],"startAt":1788688691667,"status":"passed","title":"expires unapplied previews and isolates receipts by branch"},{"ancestorTitles":["Reviewed catalog pricing plans"],"duration":583,"failing":false,"failureDetails":[],"failureMessages":[],"fullName":"Reviewed catalog pricing plans rejects stale attributes and rolls back the whole plan","invocations":1,"location":null,"numPassingAsserts":5,"retryReasons":[],"startAt":1788688692243,"status":"passed","title":"rejects stale attributes and rolls back the whole plan"},{"ancestorTitles":["Reviewed catalog pricing plans"],"duration":520,"failing":false,"failureDetails":[],"failureMessages":[],"fullName":"Reviewed catalog pricing plans rejects stale price and rolls back the whole plan","invocations":1,"location":null,"numPassingAsserts":5,"retryReasons":[],"startAt":1788688692827,"status":"passed","title":"rejects stale price and rolls back the whole plan"},{"ancestorTitles":["Reviewed catalog pricing plans"],"duration":745,"failing":false,"failureDetails":[],"failureMessages":[],"fullName":"Reviewed catalog pricing plans rejects stale stock and rolls back the whole plan","invocations":1,"location":null,"numPassingAsserts":5,"retryReasons":[],"startAt":1788688693347,"status":"passed","title":"rejects stale stock and rolls back the whole plan"},{"ancestorTitles":["Reviewed catalog pricing plans"],"duration":499,"failing":false,"failureDetails":[],"failureMessages":[],"fullName":"Reviewed catalog pricing plans rejects stale published and rolls back the whole plan","invocations":1,"location":null,"numPassingAsserts":5,"retryReasons":[],"startAt":1788688694092,"status":"passed","title":"rejects stale published and rolls back the whole plan"},{"ancestorTitles":["Reviewed catalog pricing plans"],"duration":786,"failing":false,"failureDetails":[],"failureMessages":[],"fullName":"Reviewed catalog pricing plans rejects stale scope at preview and refuses Undo over later edits even if prices return to the old value","invocations":1,"location":null,"numPassingAsserts":4,"retryReasons":[],"startAt":1788688694591,"status":"passed","title":"rejects stale scope at preview and refuses Undo over later edits even if prices return to the old value"},{"ancestorTitles":["Reviewed catalog pricing plans"],"duration":672,"failing":false,"failureDetails":[],"failureMessages":[],"fullName":"Reviewed catalog pricing plans fails closed for missing selections, duplicate lines, foreign lines, published items, and invalid money","invocations":1,"location":null,"numPassingAsserts":9,"retryReasons":[],"startAt":1788688695377,"status":"passed","title":"fails closed for missing selections, duplicate lines, foreign lines, published items, and invalid money"},{"ancestorTitles":["Reviewed catalog pricing plans"],"duration":530,"failing":false,"failureDetails":[],"failureMessages":[],"fullName":"Reviewed catalog pricing plans keeps workspace/review costs absent without permission and denies cost edits and other actors receipts","invocations":1,"location":null,"numPassingAsserts":9,"retryReasons":[],"startAt":1788688696049,"status":"passed","title":"keeps workspace/review costs absent without permission and denies cost edits and other actors receipts"}],"endTime":1788688696580,"message":"","name":"C:\\Projects\\inventory-pos-system\\backend\\tests\\integration\\catalog-pricing-plans.test.js","startTime":1788688687053,"status":"passed","summary":""}],"wasInterrupted":false}
