{"numFailedTestSuites":0,"numFailedTests":0,"numPassedTestSuites":2,"numPassedTests":27,"numPendingTestSuites":0,"numPendingTests":0,"numRuntimeErrorTestSuites":0,"numTodoTests":0,"numTotalTestSuites":2,"numTotalTests":27,"openHandles":[],"snapshot":{"added":0,"didUpdate":false,"failure":false,"filesAdded":0,"filesRemoved":0,"filesRemovedList":[],"filesUnmatched":0,"filesUpdated":0,"matched":0,"total":0,"unchecked":0,"uncheckedKeysByFile":[],"unmatched":0,"updated":0},"startTime":1788694866928,"success":true,"testResults":[{"assertionResults":[{"ancestorTitles":["Reviewed catalog pricing plans"],"duration":628,"failing":false,"failureDetails":[],"failureMessages":[],"fullName":"Reviewed catalog pricing plans applies heterogeneous defaults atomically, protects inherited/individual prices, and undoes once","invocations":1,"location":null,"numPassingAsserts":13,"retryReasons":[],"startAt":1788694867762,"status":"passed","title":"applies heterogeneous defaults atomically, protects inherited/individual prices, and undoes once"},{"ancestorTitles":["Reviewed catalog pricing plans"],"duration":478,"failing":false,"failureDetails":[],"failureMessages":[],"fullName":"Reviewed catalog pricing plans revises different group defaults while keeping individual size prices","invocations":1,"location":null,"numPassingAsserts":7,"retryReasons":[],"startAt":1788694868390,"status":"passed","title":"revises different group defaults while keeping individual size prices"},{"ancestorTitles":["Reviewed catalog pricing plans"],"duration":477,"failing":false,"failureDetails":[],"failureMessages":[],"fullName":"Reviewed catalog pricing plans changes XL only and rejects defaults that could change nonmatching siblings","invocations":1,"location":null,"numPassingAsserts":6,"retryReasons":[],"startAt":1788694868868,"status":"passed","title":"changes XL only and rejects defaults that could change nonmatching siblings"},{"ancestorTitles":["Reviewed catalog pricing plans"],"duration":786,"failing":false,"failureDetails":[],"failureMessages":[],"fullName":"Reviewed catalog pricing plans clears a size override explicitly and restores it on Undo","invocations":1,"location":null,"numPassingAsserts":6,"retryReasons":[],"startAt":1788694869345,"status":"passed","title":"clears a size override explicitly and restores it on Undo"},{"ancestorTitles":["Reviewed catalog pricing plans"],"duration":532,"failing":false,"failureDetails":[],"failureMessages":[],"fullName":"Reviewed catalog pricing plans supports cost-only saves and restores prior cost values without changing retail","invocations":1,"location":null,"numPassingAsserts":9,"retryReasons":[],"startAt":1788694870131,"status":"passed","title":"supports cost-only saves and restores prior cost values without changing retail"},{"ancestorTitles":["Reviewed catalog pricing plans"],"duration":514,"failing":false,"failureDetails":[],"failureMessages":[],"fullName":"Reviewed catalog pricing plans keeps retail and cost override replacement independent","invocations":1,"location":null,"numPassingAsserts":6,"retryReasons":[],"startAt":1788694870663,"status":"passed","title":"keeps retail and cost override replacement independent"},{"ancestorTitles":["Reviewed catalog pricing plans"],"duration":529,"failing":false,"failureDetails":[],"failureMessages":[],"fullName":"Reviewed catalog pricing plans expires unapplied previews and isolates receipts by branch","invocations":1,"location":null,"numPassingAsserts":5,"retryReasons":[],"startAt":1788694871177,"status":"passed","title":"expires unapplied previews and isolates receipts by branch"},{"ancestorTitles":["Reviewed catalog pricing plans"],"duration":513,"failing":false,"failureDetails":[],"failureMessages":[],"fullName":"Reviewed catalog pricing plans rejects stale attributes and rolls back the whole plan","invocations":1,"location":null,"numPassingAsserts":5,"retryReasons":[],"startAt":1788694871706,"status":"passed","title":"rejects stale attributes and rolls back the whole plan"},{"ancestorTitles":["Reviewed catalog pricing plans"],"duration":501,"failing":false,"failureDetails":[],"failureMessages":[],"fullName":"Reviewed catalog pricing plans rejects stale price and rolls back the whole plan","invocations":1,"location":null,"numPassingAsserts":5,"retryReasons":[],"startAt":1788694872219,"status":"passed","title":"rejects stale price and rolls back the whole plan"},{"ancestorTitles":["Reviewed catalog pricing plans"],"duration":601,"failing":false,"failureDetails":[],"failureMessages":[],"fullName":"Reviewed catalog pricing plans rejects stale stock and rolls back the whole plan","invocations":1,"location":null,"numPassingAsserts":5,"retryReasons":[],"startAt":1788694872720,"status":"passed","title":"rejects stale stock and rolls back the whole plan"},{"ancestorTitles":["Reviewed catalog pricing plans"],"duration":811,"failing":false,"failureDetails":[],"failureMessages":[],"fullName":"Reviewed catalog pricing plans rejects stale published and rolls back the whole plan","invocations":1,"location":null,"numPassingAsserts":5,"retryReasons":[],"startAt":1788694873321,"status":"passed","title":"rejects stale published and rolls back the whole plan"},{"ancestorTitles":["Reviewed catalog pricing plans"],"duration":505,"failing":false,"failureDetails":[],"failureMessages":[],"fullName":"Reviewed catalog pricing plans rejects stale scope at preview and refuses Undo over later edits even if prices return to the old value","invocations":1,"location":null,"numPassingAsserts":4,"retryReasons":[],"startAt":1788694874132,"status":"passed","title":"rejects stale scope at preview and refuses Undo over later edits even if prices return to the old value"},{"ancestorTitles":["Reviewed catalog pricing plans"],"duration":532,"failing":false,"failureDetails":[],"failureMessages":[],"fullName":"Reviewed catalog pricing plans fails closed for missing selections, duplicate lines, foreign lines, published items, and invalid money","invocations":1,"location":null,"numPassingAsserts":9,"retryReasons":[],"startAt":1788694874638,"status":"passed","title":"fails closed for missing selections, duplicate lines, foreign lines, published items, and invalid money"},{"ancestorTitles":["Reviewed catalog pricing plans"],"duration":1061,"failing":false,"failureDetails":[],"failureMessages":[],"fullName":"Reviewed catalog pricing plans keeps workspace/review costs absent without permission and denies cost edits and other actors receipts","invocations":1,"location":null,"numPassingAsserts":9,"retryReasons":[],"startAt":1788694875170,"status":"passed","title":"keeps workspace/review costs absent without permission and denies cost edits and other actors receipts"}],"endTime":1788694876232,"message":"","name":"C:\\Projects\\inventory-pos-system\\backend\\tests\\integration\\catalog-pricing-plans.test.js","startTime":1788694866960,"status":"passed","summary":""},{"assertionResults":[{"ancestorTitles":["Packaged workspace in the normal POS server"],"duration":568,"failing":false,"failureDetails":[],"failureMessages":[],"fullName":"Packaged workspace in the normal POS server lists only saved pricing owned by the account without exposing private snapshots or costs","invocations":1,"location":null,"numPassingAsserts":8,"retryReasons":[],"startAt":1788694876582,"status":"passed","title":"lists only saved pricing owned by the account without exposing private snapshots or costs"},{"ancestorTitles":["Packaged workspace in the normal POS server"],"duration":568,"failing":false,"failureDetails":[],"failureMessages":[],"fullName":"Packaged workspace in the normal POS server holds unreadable photos with an audited flag and requires explicit resolution","invocations":1,"location":null,"numPassingAsserts":7,"retryReasons":[],"startAt":1788694877150,"status":"passed","title":"holds unreadable photos with an audited flag and requires explicit resolution"},{"ancestorTitles":["Packaged workspace in the normal POS server"],"duration":694,"failing":false,"failureDetails":[],"failureMessages":[],"fullName":"Packaged workspace in the normal POS server searches and pages the complete receipt and delivery history beyond 200 entries","invocations":1,"location":null,"numPassingAsserts":33,"retryReasons":[],"startAt":1788694877718,"status":"passed","title":"searches and pages the complete receipt and delivery history beyond 200 entries"},{"ancestorTitles":["Packaged workspace in the normal POS server"],"duration":534,"failing":false,"failureDetails":[],"failureMessages":[],"fullName":"Packaged workspace in the normal POS server returns AI evidence and records a revision-checked human review without losing its source","invocations":1,"location":null,"numPassingAsserts":11,"retryReasons":[],"startAt":1788694878412,"status":"passed","title":"returns AI evidence and records a revision-checked human review without losing its source"},{"ancestorTitles":["Packaged workspace in the normal POS server"],"duration":484,"failing":false,"failureDetails":[],"failureMessages":[],"fullName":"Packaged workspace in the normal POS server combines exact category and brand filters with size-scoped stock","invocations":1,"location":null,"numPassingAsserts":7,"retryReasons":[],"startAt":1788694878946,"status":"passed","title":"combines exact category and brand filters with size-scoped stock"},{"ancestorTitles":["Packaged workspace in the normal POS server"],"duration":484,"failing":false,"failureDetails":[],"failureMessages":[],"fullName":"Packaged workspace in the normal POS server finds the scanned variant barcode and keeps filter choices on empty results","invocations":1,"location":null,"numPassingAsserts":9,"retryReasons":[],"startAt":1788694879430,"status":"passed","title":"finds the scanned variant barcode and keeps filter choices on empty results"},{"ancestorTitles":["Packaged workspace in the normal POS server"],"duration":572,"failing":false,"failureDetails":[],"failureMessages":[],"fullName":"Packaged workspace in the normal POS server tracks migration 106 and enforces delivery references in PostgreSQL","invocations":1,"location":null,"numPassingAsserts":2,"retryReasons":[],"startAt":1788694879914,"status":"passed","title":"tracks migration 106 and enforces delivery references in PostgreSQL"},{"ancestorTitles":["Packaged workspace in the normal POS server"],"duration":796,"failing":false,"failureDetails":[],"failureMessages":[],"fullName":"Packaged workspace in the normal POS server uses the normal POS CORS allowlist and security headers","invocations":1,"location":null,"numPassingAsserts":6,"retryReasons":[],"startAt":1788694880486,"status":"passed","title":"uses the normal POS CORS allowlist and security headers"},{"ancestorTitles":["Packaged workspace in the normal POS server"],"duration":499,"failing":false,"failureDetails":[],"failureMessages":[],"fullName":"Packaged workspace in the normal POS server requires authentication and branch access before reading delivery data","invocations":1,"location":null,"numPassingAsserts":5,"retryReasons":[],"startAt":1788694881282,"status":"passed","title":"requires authentication and branch access before reading delivery data"},{"ancestorTitles":["Packaged workspace in the normal POS server"],"duration":453,"failing":false,"failureDetails":[],"failureMessages":[],"fullName":"Packaged workspace in the normal POS server keeps read permission separate from delivery creation and receiving","invocations":1,"location":null,"numPassingAsserts":3,"retryReasons":[],"startAt":1788694881781,"status":"passed","title":"keeps read permission separate from delivery creation and receiving"},{"ancestorTitles":["Packaged workspace in the normal POS server"],"duration":460,"failing":false,"failureDetails":[],"failureMessages":[],"fullName":"Packaged workspace in the normal POS server sanitizes and saves delivery names once through the normal middleware","invocations":1,"location":null,"numPassingAsserts":5,"retryReasons":[],"startAt":1788694882234,"status":"passed","title":"sanitizes and saves delivery names once through the normal middleware"},{"ancestorTitles":["Packaged workspace in the normal POS server"],"duration":460,"failing":false,"failureDetails":[],"failureMessages":[],"fullName":"Packaged workspace in the normal POS server ships runtime modules without test hosts, fixtures or migrations","invocations":1,"location":null,"numPassingAsserts":1,"retryReasons":[],"startAt":1788694882694,"status":"passed","title":"ships runtime modules without test hosts, fixtures or migrations"},{"ancestorTitles":["Packaged workspace in the normal POS server"],"duration":884,"failing":false,"failureDetails":[],"failureMessages":[],"fullName":"Packaged workspace in the normal POS server keeps the mount disabled by default and rejects invalid enable flags","invocations":1,"location":null,"numPassingAsserts":2,"retryReasons":[],"startAt":1788694883154,"status":"passed","title":"keeps the mount disabled by default and rejects invalid enable flags"}],"endTime":1788694884039,"message":"","name":"C:\\Projects\\inventory-pos-system\\backend\\tests\\integration\\catalog-workspace.test.js","startTime":1788694876237,"status":"passed","summary":""}],"wasInterrupted":false}
